Flow report for Projeto3
Tue Nov 29 17:47:19 2016
Quartus Prime Version 15.1.0 Build 185 10/21/2015 SJ Lite Edition


---------------------
; Table of Contents ;
---------------------
  1. Legal Notice
  2. Flow Summary
  3. Flow Settings
  4. Flow Non-Default Global Settings
  5. Flow Elapsed Time
  6. Flow OS Summary
  7. Flow Log
  8. Flow Messages
  9. Flow Suppressed Messages



----------------
; Legal Notice ;
----------------
Copyright (C) 1991-2015 Altera Corporation. All rights reserved.
Your use of Altera Corporation's design tools, logic functions 
and other software and tools, and its AMPP partner logic 
functions, and any output files from any of the foregoing 
(including device programming or simulation files), and any 
associated documentation or information are expressly subject 
to the terms and conditions of the Altera Program License 
Subscription Agreement, the Altera Quartus Prime License Agreement,
the Altera MegaCore Function License Agreement, or other 
applicable license agreement, including, without limitation, 
that your use is for the sole purpose of programming logic 
devices manufactured by Altera and sold by Altera or its 
authorized distributors.  Please refer to the applicable 
agreement for further details.



+---------------------------------------------------------------------+
; Flow Summary                                                        ;
+-----------------------+---------------------------------------------+
; Flow Status           ; Successful - Tue Nov 29 17:47:19 2016       ;
; Quartus Prime Version ; 15.1.0 Build 185 10/21/2015 SJ Lite Edition ;
; Revision Name         ; Projeto3                                    ;
; Top-level Entity Name ; Projeto3_V2                                 ;
; Family                ; MAX II                                      ;
; Total logic elements  ; 6,480                                       ;
; Total pins            ; 1,345                                       ;
; Total virtual pins    ; 0                                           ;
; UFM blocks            ; 0 / 1 ( 0 % )                               ;
+-----------------------+---------------------------------------------+


+-----------------------------------------+
; Flow Settings                           ;
+-------------------+---------------------+
; Option            ; Setting             ;
+-------------------+---------------------+
; Start date & time ; 11/29/2016 17:45:38 ;
; Main task         ; Compilation         ;
; Revision Name     ; Projeto3            ;
+-------------------+---------------------+


+---------------------------------------------------------------------------------------------------------------------+
; Flow Non-Default Global Settings                                                                                    ;
+-------------------------------------+--------------------------------+---------------+-------------+----------------+
; Assignment Name                     ; Value                          ; Default Value ; Entity Name ; Section Id     ;
+-------------------------------------+--------------------------------+---------------+-------------+----------------+
; COMPILER_SIGNATURE_ID               ; 92587421067829.148044873801536 ; --            ; --          ; --             ;
; EDA_OUTPUT_DATA_FORMAT              ; Vhdl                           ; --            ; --          ; eda_simulation ;
; EDA_SIMULATION_TOOL                 ; ModelSim-Altera (VHDL)         ; <None>        ; --          ; --             ;
; PARTITION_COLOR                     ; 16764057                       ; --            ; Projeto3_V2 ; Top            ;
; PARTITION_FITTER_PRESERVATION_LEVEL ; PLACEMENT_AND_ROUTING          ; --            ; Projeto3_V2 ; Top            ;
; PARTITION_NETLIST_TYPE              ; SOURCE                         ; --            ; Projeto3_V2 ; Top            ;
; PROJECT_OUTPUT_DIRECTORY            ; output_files                   ; --            ; --          ; --             ;
; TOP_LEVEL_ENTITY                    ; Projeto3_V2                    ; Projeto3      ; --          ; --             ;
+-------------------------------------+--------------------------------+---------------+-------------+----------------+


+--------------------------------------------------------------------------------------------------------------------------+
; Flow Elapsed Time                                                                                                        ;
+----------------------+--------------+-------------------------+---------------------+------------------------------------+
; Module Name          ; Elapsed Time ; Average Processors Used ; Peak Virtual Memory ; Total CPU Time (on all processors) ;
+----------------------+--------------+-------------------------+---------------------+------------------------------------+
; Analysis & Synthesis ; 00:00:19     ; 1.0                     ; 831 MB              ; 00:00:38                           ;
; EDA Netlist Writer   ; 00:00:01     ; 1.0                     ; 661 MB              ; 00:00:01                           ;
; EDA Netlist Writer   ; 00:00:02     ; 1.0                     ; 670 MB              ; 00:00:02                           ;
; Total                ; 00:00:22     ; --                      ; --                  ; 00:00:41                           ;
+----------------------+--------------+-------------------------+---------------------+------------------------------------+


+-----------------------------------------------------------------------------------+
; Flow OS Summary                                                                   ;
+----------------------+------------------+-----------+------------+----------------+
; Module Name          ; Machine Hostname ; OS Name   ; OS Version ; Processor type ;
+----------------------+------------------+-----------+------------+----------------+
; Analysis & Synthesis ; victor-notebook  ; Windows 8 ; 6.2        ; x86_64         ;
; EDA Netlist Writer   ; victor-notebook  ; Windows 8 ; 6.2        ; x86_64         ;
; EDA Netlist Writer   ; victor-notebook  ; Windows 8 ; 6.2        ; x86_64         ;
+----------------------+------------------+-----------+------------+----------------+


------------
; Flow Log ;
------------
quartus_map --read_settings_files=on --write_settings_files=off Projeto3 -c Projeto3
quartus_eda --gen_testbench --tool=modelsim_oem --format=verilog --write_settings_files=off Projeto3 -c Projeto3 --vector_source="C:/Users/victor030916/Documents/Arquitetura de Computadores Pratica/Projeto3/Projeto3.vwf" --testbench_file="C:/Users/victor030916/Documents/Arquitetura de Computadores Pratica/Projeto3/simulation/qsim/Projeto3.vwf.vt"
quartus_eda --write_settings_files=off --functional=on --flatten_buses=off --simulation=on --tool=modelsim_oem --format=verilog --output_directory="C:/Users/victor030916/Documents/Arquitetura de Computadores Pratica/Projeto3/simulation/qsim/" Projeto3 -c Projeto3



